;  LST file generated by mikroListExporter - v.2.0 
; Date/Time: 8/10/2021 16:12:50
;----------------------------------------------

;Address Opcode 	ASM
0x0000	0x280C      	GOTO       12
___CC2DW:
;__Lib_System.c,71 :: 		
;__Lib_System.c,73 :: 		
_CC2DL_Loop1:
;__Lib_System.c,74 :: 		
0x0003	0x0012      	MOVIW      FSR0++ 
;__Lib_System.c,75 :: 		
0x0004	0x001E      	MOVWI      FSR1++ 
;__Lib_System.c,76 :: 		
0x0005	0x03F0      	DECF       R0, 1
;__Lib_System.c,77 :: 		
0x0006	0x1D03      	BTFSS      STATUS, 2
;__Lib_System.c,78 :: 		
0x0007	0x2803      	GOTO       _CC2DL_Loop1
;__Lib_System.c,79 :: 		
0x0008	0x03F1      	DECF       R1, 1
;__Lib_System.c,80 :: 		
0x0009	0x1D03      	BTFSS      STATUS, 2
;__Lib_System.c,81 :: 		
0x000A	0x2803      	GOTO       _CC2DL_Loop1
;__Lib_System.c,83 :: 		
L_end___CC2DW:
0x000B	0x0008      	RETURN
; end of ___CC2DW
_main:
;PIC16F1709_LED.c,5 :: 		void main() {
;PIC16F1709_LED.c,6 :: 		ANSELA = 0x00;  // seleciones I/O digitales del bloque A
0x000C	0x0023      	MOVLB      3
0x000D	0x018C      	CLRF       ANSELA
;PIC16F1709_LED.c,7 :: 		WPUA = 0x00;   // desactiva todos los pull-up del bloque A
0x000E	0x0024      	MOVLB      4
0x000F	0x018C      	CLRF       WPUA
;PIC16F1709_LED.c,8 :: 		ODA1_bit = 0x00; // push-pull en la salida
0x0010	0x0025      	MOVLB      5
0x0011	0x108C      	BCF        ODA1_bit, BitPos(ODA1_bit+0)
;PIC16F1709_LED.c,9 :: 		ODA2_bit = 0x00; // push-pull
0x0012	0x110C      	BCF        ODA2_bit, BitPos(ODA2_bit+0)
;PIC16F1709_LED.c,10 :: 		ODA5_bit = 0x00; // push-pull
0x0013	0x128C      	BCF        ODA5_bit, BitPos(ODA5_bit+0)
;PIC16F1709_LED.c,11 :: 		OSCCON = 0x7B;  // [0111 1011] Selecciona Oscilador Interno 16 MHz
0x0014	0x307B      	MOVLW      123
0x0015	0x0021      	MOVLB      1
0x0016	0x0099      	MOVWF      OSCCON
;PIC16F1709_LED.c,12 :: 		TRISA = 0x19; //(RA3 siempre input, RA0,RA4 input)-> [0001 1001]
0x0017	0x3019      	MOVLW      25
0x0018	0x008C      	MOVWF      TRISA
;PIC16F1709_LED.c,13 :: 		LATA = 0x00;
0x0019	0x0022      	MOVLB      2
0x001A	0x018C      	CLRF       LATA
;PIC16F1709_LED.c,16 :: 		for(;;){
L_main0:
;PIC16F1709_LED.c,18 :: 		RA1_bit = 0x00;
0x001B	0x0020      	MOVLB      0
0x001C	0x108C      	BCF        RA1_bit, BitPos(RA1_bit+0)
;PIC16F1709_LED.c,19 :: 		RA2_bit = 0x01;
0x001D	0x150C      	BSF        RA2_bit, BitPos(RA2_bit+0)
;PIC16F1709_LED.c,20 :: 		delay_ms(100);
0x001E	0x3003      	MOVLW      3
0x001F	0x00FB      	MOVWF      R11
0x0020	0x3008      	MOVLW      8
0x0021	0x00FC      	MOVWF      R12
0x0022	0x3077      	MOVLW      119
0x0023	0x00FD      	MOVWF      R13
L_main3:
0x0024	0x0BFD      	DECFSZ     R13, 1
0x0025	0x2824      	GOTO       L_main3
0x0026	0x0BFC      	DECFSZ     R12, 1
0x0027	0x2824      	GOTO       L_main3
0x0028	0x0BFB      	DECFSZ     R11, 1
0x0029	0x2824      	GOTO       L_main3
;PIC16F1709_LED.c,21 :: 		RA1_bit = 0x01;
0x002A	0x148C      	BSF        RA1_bit, BitPos(RA1_bit+0)
;PIC16F1709_LED.c,22 :: 		RA2_bit = 0x02;
0x002B	0x110C      	BCF        RA2_bit, BitPos(RA2_bit+0)
;PIC16F1709_LED.c,23 :: 		delay_ms(100);
0x002C	0x3003      	MOVLW      3
0x002D	0x00FB      	MOVWF      R11
0x002E	0x3008      	MOVLW      8
0x002F	0x00FC      	MOVWF      R12
0x0030	0x3077      	MOVLW      119
0x0031	0x00FD      	MOVWF      R13
L_main4:
0x0032	0x0BFD      	DECFSZ     R13, 1
0x0033	0x2832      	GOTO       L_main4
0x0034	0x0BFC      	DECFSZ     R12, 1
0x0035	0x2832      	GOTO       L_main4
0x0036	0x0BFB      	DECFSZ     R11, 1
0x0037	0x2832      	GOTO       L_main4
;PIC16F1709_LED.c,24 :: 		}
0x0038	0x281B      	GOTO       L_main0
;PIC16F1709_LED.c,25 :: 		}
L_end_main:
0x0039	0x2839      	GOTO       $+0
; end of _main
Symbol List:
//** Routines locations **
//ADDRESS    SIZE    PROCEDURE
//----------------------------------------------
0x0003       [9]    ___CC2DW
0x000C      [46]    _main
//** Variables locations ** 
//ADDRESS    SIZE    VARIABLE
//----------------------------------------------
0x0000       [1]    INDF0
0x0001       [1]    INDF1
0x0003       [1]    STATUS
0x0004       [1]    FSR0L
0x0005       [1]    FSR0H
0x0006       [1]    FSR1L
0x0007       [1]    FSR1H
0x000A       [1]    PCLATH
0x000C       [0]    RA2_bit
0x000C       [0]    RA1_bit
0x0070       [1]    R0
0x0071       [1]    R1
0x0072       [1]    R2
0x0073       [1]    R3
0x0074       [1]    R4
0x0075       [1]    R5
0x0076       [1]    R6
0x0077       [1]    R7
0x0078       [1]    R8
0x0079       [1]    R9
0x007A       [1]    R10
0x007B       [1]    R11
0x007C       [1]    R12
0x007D       [1]    R13
0x007E       [1]    R14
0x007F       [1]    R15
0x008C       [1]    TRISA
0x0099       [1]    OSCCON
0x010C       [1]    LATA
0x018C       [1]    ANSELA
0x020C       [1]    WPUA
0x028C       [0]    ODA2_bit
0x028C       [0]    ODA5_bit
0x028C       [0]    ODA1_bit
